app/manifest-merger-release-report.txt
-- Merging decision tree log ---
manifest
ADDED from AndroidManifest.xml:2:1
	xmlns:android
		ADDED from AndroidManifest.xml:2:11
	package
		ADDED from AndroidManifest.xml:3:5
		INJECTED from AndroidManifest.xml:0:0
		INJECTED from AndroidManifest.xml:0:0
	android:versionName
		INJECTED from AndroidManifest.xml:0:0
		INJECTED from AndroidManifest.xml:0:0
	android:versionCode
		INJECTED from AndroidManifest.xml:0:0
		INJECTED from AndroidManifest.xml:0:0
uses-permission#android.permission.ACCESS_WIFI_STATE
ADDED from AndroidManifest.xml:5:5
	android:name
		ADDED from AndroidManifest.xml:5:22
uses-permission#android.permission.CHANGE_WIFI_STATE
ADDED from AndroidManifest.xml:6:5
	android:name
		ADDED from AndroidManifest.xml:6:22
uses-permission#android.permission.INTERNET
ADDED from AndroidManifest.xml:7:5
MERGED from com.crashlytics.sdk.android:crashlytics:2.2.1:9:5
	android:name
		ADDED from AndroidManifest.xml:7:22
uses-permission#com.google.android.c2dm.permission.RECEIVE
ADDED from AndroidManifest.xml:8:5
	android:name
		ADDED from AndroidManifest.xml:8:22
uses-permission#android.permission.WAKE_LOCK
ADDED from AndroidManifest.xml:9:5
	android:name
		ADDED from AndroidManifest.xml:9:22
uses-permission#android.permission.WRITE_EXTERNAL_STORAGE
ADDED from AndroidManifest.xml:10:5
	android:name
		ADDED from AndroidManifest.xml:10:22
permission#com.tylerlubeck.maraudersmapmultiuser.permission.C2D_MESSAGE
ADDED from AndroidManifest.xml:12:5
	android:protectionLevel
		ADDED from AndroidManifest.xml:14:9
	android:name
		ADDED from AndroidManifest.xml:13:9
application
ADDED from AndroidManifest.xml:17:5
MERGED from com.crashlytics.sdk.android:crashlytics:2.2.1:11:5
MERGED from com.crashlytics.sdk.android:answers:1.1.1:9:5
MERGED from io.fabric.sdk.android:fabric:1.1.1:9:5
MERGED from io.fabric.sdk.android:fabric:1.1.1:9:5
MERGED from com.crashlytics.sdk.android:beta:1.1.1:9:5
MERGED from io.fabric.sdk.android:fabric:1.1.1:9:5
MERGED from com.android.support:appcompat-v7:18.0.0:19:5
MERGED from com.android.support:support-v4:21.0.3:16:5
MERGED from com.android.support:support-v4:21.0.3:16:5
MERGED from com.facebook.android:facebook-android-sdk:4.0.0:28:5
MERGED from com.android.support:support-v4:21.0.3:16:5
MERGED from com.android.support:support-v4:21.0.3:16:5
	android:label
		ADDED from AndroidManifest.xml:20:9
	android:allowBackup
		ADDED from AndroidManifest.xml:18:9
	android:icon
		ADDED from AndroidManifest.xml:19:9
	android:theme
		ADDED from AndroidManifest.xml:21:9
meta-data#com.facebook.sdk.ApplicationId
ADDED from AndroidManifest.xml:22:9
	android:name
		ADDED from AndroidManifest.xml:23:13
	android:value
		ADDED from AndroidManifest.xml:24:13
activity#com.facebook.FacebookActivity
ADDED from AndroidManifest.xml:36:9
	android:label
		ADDED from AndroidManifest.xml:40:13
	android:configChanges
		ADDED from AndroidManifest.xml:37:13
	android:theme
		ADDED from AndroidManifest.xml:39:13
	android:name
		ADDED from AndroidManifest.xml:36:19
meta-data#com.crashlytics.ApiKey
ADDED from AndroidManifest.xml:42:9
	android:name
		ADDED from AndroidManifest.xml:43:13
	android:value
		ADDED from AndroidManifest.xml:44:13
receiver#com.tylerlubeck.maraudersmapmultiuser.GcmBroadcastReceiver
ADDED from AndroidManifest.xml:46:9
	android:permission
		ADDED from AndroidManifest.xml:48:13
	android:name
		ADDED from AndroidManifest.xml:47:13
intent-filter#com.google.android.c2dm.intent.RECEIVE+com.tylerlubeck.maraudersmapmultiuser
ADDED from AndroidManifest.xml:49:13
action#com.google.android.c2dm.intent.RECEIVE
ADDED from AndroidManifest.xml:50:17
	android:name
		ADDED from AndroidManifest.xml:50:25
category#com.tylerlubeck.maraudersmapmultiuser
ADDED from AndroidManifest.xml:52:17
	android:name
		ADDED from AndroidManifest.xml:52:27
receiver#com.tylerlubeck.maraudersmapmultiuser.GcmIntentService$replyButtonListener
ADDED from AndroidManifest.xml:55:9
	android:name
		ADDED from AndroidManifest.xml:55:19
service#com.tylerlubeck.maraudersmapmultiuser.GcmIntentService
ADDED from AndroidManifest.xml:57:9
	android:name
		ADDED from AndroidManifest.xml:57:18
activity#com.tylerlubeck.maraudersmapmultiuser.NavigationActivity
ADDED from AndroidManifest.xml:59:9
	android:label
		ADDED from AndroidManifest.xml:61:13
	android:name
		ADDED from AndroidManifest.xml:60:13
intent-filter#android.intent.action.MAIN+android.intent.category.LAUNCHER
ADDED from AndroidManifest.xml:62:13
action#android.intent.action.MAIN
ADDED from AndroidManifest.xml:63:17
	android:name
		ADDED from AndroidManifest.xml:63:25
category#android.intent.category.LAUNCHER
ADDED from AndroidManifest.xml:65:17
	android:name
		ADDED from AndroidManifest.xml:65:27
activity#com.tylerlubeck.maraudersmapmultiuser.LoginActivity
ADDED from AndroidManifest.xml:68:9
	android:label
		ADDED from AndroidManifest.xml:70:13
	android:name
		ADDED from AndroidManifest.xml:69:13
uses-sdk
INJECTED from AndroidManifest.xml:0:0 reason: use-sdk injection requested
MERGED from com.crashlytics.sdk.android:crashlytics:2.2.1:7:5
MERGED from com.crashlytics.sdk.android:answers:1.1.1:7:5
MERGED from io.fabric.sdk.android:fabric:1.1.1:7:5
MERGED from io.fabric.sdk.android:fabric:1.1.1:7:5
MERGED from com.crashlytics.sdk.android:beta:1.1.1:7:5
MERGED from io.fabric.sdk.android:fabric:1.1.1:7:5
MERGED from com.android.support:appcompat-v7:18.0.0:18:5
MERGED from com.android.support:support-v4:21.0.3:15:5
MERGED from com.android.support:support-v4:21.0.3:15:5
MERGED from com.facebook.android:facebook-android-sdk:4.0.0:24:5
MERGED from com.android.support:support-v4:21.0.3:15:5
MERGED from com.google.android.gms:play-services:3.1.59:7:5
MERGED from com.android.support:support-v4:21.0.3:15:5
	android:targetSdkVersion
		INJECTED from AndroidManifest.xml:0:0
		INJECTED from AndroidManifest.xml:0:0
	android:minSdkVersion
		INJECTED from AndroidManifest.xml:0:0
		INJECTED from AndroidManifest.xml:0:0